[18] Log opened at 2021-08-11 15:33:45.638924
[18] [Step Debug] INFO: Connecting to configured address/port: host.docker.internal:9003.
[18] [Step Debug] WARN: Creating socket for 'host.docker.internal:9003', poll success, but error: Operation now in progress (29).
[18] [Step Debug] ERR: Could not connect to debugging client. Tried: host.docker.internal:9003 (through xdebug.client_host/xdebug.client_port) :-(
[18] Log closed at 2021-08-11 15:33:45.671982

[20] Log opened at 2021-08-11 15:35:03.633117
[20] [Step Debug] INFO: Connecting to configured address/port: host.docker.internal:9003.
[20] [Step Debug] INFO: Connected to debugging client: host.docker.internal:9003 (through xdebug.client_host/xdebug.client_port). :-)
[20] [Step Debug] -> <init xmlns="urn:debugger_protocol_v1" xmlns:xdebug="https://xdebug.org/dbgp/xdebug" fileuri="file:///var/www/html/index.php" language="PHP" xdebug:language_version="7.4.22" protocol_version="1.0" appid="20" idekey="VSCODE"><engine version="3.0.4"><![CDATA[Xdebug]]></engine><author><![CDATA[Derick Rethans]]></author><url><![CDATA[https://xdebug.org]]></url><copyright><![CDATA[Copyright (c) 2002-2021 by Derick Rethans]]></copyright></init>

[20] [Step Debug] <- feature_set -i 1 -n resolved_breakpoints -v 1
[20] [Step Debug] -> <response xmlns="urn:debugger_protocol_v1" xmlns:xdebug="https://xdebug.org/dbgp/xdebug" command="feature_set" transaction_id="1" feature="resolved_breakpoints" success="1"></response>

[20] [Step Debug] <- feature_set -i 2 -n notify_ok -v 1
[20] [Step Debug] -> <response xmlns="urn:debugger_protocol_v1" xmlns:xdebug="https://xdebug.org/dbgp/xdebug" command="feature_set" transaction_id="2" feature="notify_ok" success="1"></response>

[20] [Step Debug] <- feature_set -i 3 -n extended_properties -v 1
[20] [Step Debug] -> <response xmlns="urn:debugger_protocol_v1" xmlns:xdebug="https://xdebug.org/dbgp/xdebug" command="feature_set" transaction_id="3" feature="extended_properties" success="1"></response>

[20] [Step Debug] <- feature_set -i 4 -n max_children -v 10000
[20] [Step Debug] -> <response xmlns="urn:debugger_protocol_v1" xmlns:xdebug="https://xdebug.org/dbgp/xdebug" command="feature_set" transaction_id="4" feature="max_children" success="1"></response>

[20] [Step Debug] <- feature_set -i 5 -n max_data -v 10000
[20] [Step Debug] -> <response xmlns="urn:debugger_protocol_v1" xmlns:xdebug="https://xdebug.org/dbgp/xdebug" command="feature_set" transaction_id="5" feature="max_data" success="1"></response>

[20] [Step Debug] <- feature_set -i 6 -n show_hidden -v 1
[20] [Step Debug] -> <response xmlns="urn:debugger_protocol_v1" xmlns:xdebug="https://xdebug.org/dbgp/xdebug" command="feature_set" transaction_id="6" feature="show_hidden" success="1"></response>

[20] [Step Debug] <- breakpoint_set -i 7 -t line -f file:///var/www/html/6.containers/php/index.php -n 3
[20] [Step Debug] -> <response xmlns="urn:debugger_protocol_v1" xmlns:xdebug="https://xdebug.org/dbgp/xdebug" command="breakpoint_set" transaction_id="7" id="200001" resolved="unresolved"></response>

[20] [Step Debug] <- run -i 8
[20] [Step Debug] -> <response xmlns="urn:debugger_protocol_v1" xmlns:xdebug="https://xdebug.org/dbgp/xdebug" command="run" transaction_id="8" status="stopping" reason="ok"></response>

[20] [Step Debug] <- stop -i 9
[20] [Step Debug] -> <response xmlns="urn:debugger_protocol_v1" xmlns:xdebug="https://xdebug.org/dbgp/xdebug" command="stop" transaction_id="9" status="stopped" reason="ok"></response>

[20] Log closed at 2021-08-11 15:35:03.698851

[21] Log opened at 2021-08-11 15:35:18.200071
[21] [Step Debug] INFO: Connecting to configured address/port: host.docker.internal:9003.
[21] [Step Debug] INFO: Connected to debugging client: host.docker.internal:9003 (through xdebug.client_host/xdebug.client_port). :-)
[21] [Step Debug] -> <init xmlns="urn:debugger_protocol_v1" xmlns:xdebug="https://xdebug.org/dbgp/xdebug" fileuri="file:///var/www/html/index.php" language="PHP" xdebug:language_version="7.4.22" protocol_version="1.0" appid="21" idekey="VSCODE"><engine version="3.0.4"><![CDATA[Xdebug]]></engine><author><![CDATA[Derick Rethans]]></author><url><![CDATA[https://xdebug.org]]></url><copyright><![CDATA[Copyright (c) 2002-2021 by Derick Rethans]]></copyright></init>

[21] [Step Debug] <- feature_set -i 1 -n resolved_breakpoints -v 1
[21] [Step Debug] -> <response xmlns="urn:debugger_protocol_v1" xmlns:xdebug="https://xdebug.org/dbgp/xdebug" command="feature_set" transaction_id="1" feature="resolved_breakpoints" success="1"></response>

[21] [Step Debug] <- feature_set -i 2 -n notify_ok -v 1
[21] [Step Debug] -> <response xmlns="urn:debugger_protocol_v1" xmlns:xdebug="https://xdebug.org/dbgp/xdebug" command="feature_set" transaction_id="2" feature="notify_ok" success="1"></response>

[21] [Step Debug] <- feature_set -i 3 -n extended_properties -v 1
[21] [Step Debug] -> <response xmlns="urn:debugger_protocol_v1" xmlns:xdebug="https://xdebug.org/dbgp/xdebug" command="feature_set" transaction_id="3" feature="extended_properties" success="1"></response>

[21] [Step Debug] <- feature_set -i 4 -n max_children -v 10000
[21] [Step Debug] -> <response xmlns="urn:debugger_protocol_v1" xmlns:xdebug="https://xdebug.org/dbgp/xdebug" command="feature_set" transaction_id="4" feature="max_children" success="1"></response>

[21] [Step Debug] <- feature_set -i 5 -n max_data -v 10000
[21] [Step Debug] -> <response xmlns="urn:debugger_protocol_v1" xmlns:xdebug="https://xdebug.org/dbgp/xdebug" command="feature_set" transaction_id="5" feature="max_data" success="1"></response>

[21] [Step Debug] <- feature_set -i 6 -n show_hidden -v 1
[21] [Step Debug] -> <response xmlns="urn:debugger_protocol_v1" xmlns:xdebug="https://xdebug.org/dbgp/xdebug" command="feature_set" transaction_id="6" feature="show_hidden" success="1"></response>

[21] [Step Debug] <- breakpoint_set -i 7 -t line -f file:///var/www/html/6.containers/php/index.php -n 3
[21] [Step Debug] -> <response xmlns="urn:debugger_protocol_v1" xmlns:xdebug="https://xdebug.org/dbgp/xdebug" command="breakpoint_set" transaction_id="7" id="210001" resolved="unresolved"></response>

[21] [Step Debug] <- run -i 8
[21] [Step Debug] -> <response xmlns="urn:debugger_protocol_v1" xmlns:xdebug="https://xdebug.org/dbgp/xdebug" command="run" transaction_id="8" status="stopping" reason="ok"></response>

[21] [Step Debug] <- stop -i 9
[21] [Step Debug] -> <response xmlns="urn:debugger_protocol_v1" xmlns:xdebug="https://xdebug.org/dbgp/xdebug" command="stop" transaction_id="9" status="stopped" reason="ok"></response>

[21] Log closed at 2021-08-11 15:35:18.241286

[23] Log opened at 2021-08-11 15:36:12.629935
[23] [Step Debug] INFO: Connecting to configured address/port: host.docker.internal:9003.
[23] [Step Debug] WARN: Creating socket for 'host.docker.internal:9003', poll success, but error: Operation now in progress (29).
[23] [Step Debug] ERR: Could not connect to debugging client. Tried: host.docker.internal:9003 (through xdebug.client_host/xdebug.client_port) :-(
[23] Log closed at 2021-08-11 15:36:12.645056

[18] Log opened at 2021-08-11 15:36:19.407725
[18] [Step Debug] INFO: Connecting to configured address/port: host.docker.internal:9003.
[18] [Step Debug] INFO: Connected to debugging client: host.docker.internal:9003 (through xdebug.client_host/xdebug.client_port). :-)
[18] [Step Debug] -> <init xmlns="urn:debugger_protocol_v1" xmlns:xdebug="https://xdebug.org/dbgp/xdebug" fileuri="file:///var/www/html/index.php" language="PHP" xdebug:language_version="7.4.22" protocol_version="1.0" appid="18" idekey="VSCODE"><engine version="3.0.4"><![CDATA[Xdebug]]></engine><author><![CDATA[Derick Rethans]]></author><url><![CDATA[https://xdebug.org]]></url><copyright><![CDATA[Copyright (c) 2002-2021 by Derick Rethans]]></copyright></init>

[18] [Step Debug] <- feature_set -i 1 -n resolved_breakpoints -v 1
[18] [Step Debug] -> <response xmlns="urn:debugger_protocol_v1" xmlns:xdebug="https://xdebug.org/dbgp/xdebug" command="feature_set" transaction_id="1" feature="resolved_breakpoints" success="1"></response>

[18] [Step Debug] <- feature_set -i 2 -n notify_ok -v 1
[18] [Step Debug] -> <response xmlns="urn:debugger_protocol_v1" xmlns:xdebug="https://xdebug.org/dbgp/xdebug" command="feature_set" transaction_id="2" feature="notify_ok" success="1"></response>

[18] [Step Debug] <- feature_set -i 3 -n extended_properties -v 1
[18] [Step Debug] -> <response xmlns="urn:debugger_protocol_v1" xmlns:xdebug="https://xdebug.org/dbgp/xdebug" command="feature_set" transaction_id="3" feature="extended_properties" success="1"></response>

[18] [Step Debug] <- feature_set -i 4 -n max_children -v 10000
[18] [Step Debug] -> <response xmlns="urn:debugger_protocol_v1" xmlns:xdebug="https://xdebug.org/dbgp/xdebug" command="feature_set" transaction_id="4" feature="max_children" success="1"></response>

[18] [Step Debug] <- feature_set -i 5 -n max_data -v 10000
[18] [Step Debug] -> <response xmlns="urn:debugger_protocol_v1" xmlns:xdebug="https://xdebug.org/dbgp/xdebug" command="feature_set" transaction_id="5" feature="max_data" success="1"></response>

[18] [Step Debug] <- feature_set -i 6 -n show_hidden -v 1
[18] [Step Debug] -> <response xmlns="urn:debugger_protocol_v1" xmlns:xdebug="https://xdebug.org/dbgp/xdebug" command="feature_set" transaction_id="6" feature="show_hidden" success="1"></response>

[18] [Step Debug] <- breakpoint_set -i 7 -t line -f file:///var/www/html/6.containers/php/index.php -n 2
[18] [Step Debug] -> <response xmlns="urn:debugger_protocol_v1" xmlns:xdebug="https://xdebug.org/dbgp/xdebug" command="breakpoint_set" transaction_id="7" id="180001" resolved="unresolved"></response>

[18] [Step Debug] <- breakpoint_set -i 8 -t line -f file:///var/www/html/6.containers/php/index.php -n 3
[18] [Step Debug] -> <response xmlns="urn:debugger_protocol_v1" xmlns:xdebug="https://xdebug.org/dbgp/xdebug" command="breakpoint_set" transaction_id="8" id="180002" resolved="unresolved"></response>

[18] [Step Debug] <- run -i 9
[18] [Step Debug] -> <response xmlns="urn:debugger_protocol_v1" xmlns:xdebug="https://xdebug.org/dbgp/xdebug" command="run" transaction_id="9" status="stopping" reason="ok"></response>

[18] [Step Debug] <- stop -i 10
[18] [Step Debug] -> <response xmlns="urn:debugger_protocol_v1" xmlns:xdebug="https://xdebug.org/dbgp/xdebug" command="stop" transaction_id="10" status="stopped" reason="ok"></response>

[18] Log closed at 2021-08-11 15:36:19.464806

[18] Log opened at 2021-08-11 15:36:22.465662
[18] [Step Debug] INFO: Connecting to configured address/port: host.docker.internal:9003.
[18] [Step Debug] INFO: Connected to debugging client: host.docker.internal:9003 (through xdebug.client_host/xdebug.client_port). :-)
[18] [Step Debug] -> <init xmlns="urn:debugger_protocol_v1" xmlns:xdebug="https://xdebug.org/dbgp/xdebug" fileuri="file:///var/www/html/index.php" language="PHP" xdebug:language_version="7.4.22" protocol_version="1.0" appid="18" idekey="VSCODE"><engine version="3.0.4"><![CDATA[Xdebug]]></engine><author><![CDATA[Derick Rethans]]></author><url><![CDATA[https://xdebug.org]]></url><copyright><![CDATA[Copyright (c) 2002-2021 by Derick Rethans]]></copyright></init>

[18] [Step Debug] <- feature_set -i 1 -n resolved_breakpoints -v 1
[18] [Step Debug] -> <response xmlns="urn:debugger_protocol_v1" xmlns:xdebug="https://xdebug.org/dbgp/xdebug" command="feature_set" transaction_id="1" feature="resolved_breakpoints" success="1"></response>

[18] [Step Debug] <- feature_set -i 2 -n notify_ok -v 1
[18] [Step Debug] -> <response xmlns="urn:debugger_protocol_v1" xmlns:xdebug="https://xdebug.org/dbgp/xdebug" command="feature_set" transaction_id="2" feature="notify_ok" success="1"></response>

[18] [Step Debug] <- feature_set -i 3 -n extended_properties -v 1
[18] [Step Debug] -> <response xmlns="urn:debugger_protocol_v1" xmlns:xdebug="https://xdebug.org/dbgp/xdebug" command="feature_set" transaction_id="3" feature="extended_properties" success="1"></response>

[18] [Step Debug] <- feature_set -i 4 -n max_children -v 10000
[18] [Step Debug] -> <response xmlns="urn:debugger_protocol_v1" xmlns:xdebug="https://xdebug.org/dbgp/xdebug" command="feature_set" transaction_id="4" feature="max_children" success="1"></response>

[18] [Step Debug] <- feature_set -i 5 -n max_data -v 10000
[18] [Step Debug] -> <response xmlns="urn:debugger_protocol_v1" xmlns:xdebug="https://xdebug.org/dbgp/xdebug" command="feature_set" transaction_id="5" feature="max_data" success="1"></response>

[18] [Step Debug] <- feature_set -i 6 -n show_hidden -v 1
[18] [Step Debug] -> <response xmlns="urn:debugger_protocol_v1" xmlns:xdebug="https://xdebug.org/dbgp/xdebug" command="feature_set" transaction_id="6" feature="show_hidden" success="1"></response>

[18] [Step Debug] <- breakpoint_set -i 7 -t line -f file:///var/www/html/6.containers/php/index.php -n 2
[18] [Step Debug] -> <response xmlns="urn:debugger_protocol_v1" xmlns:xdebug="https://xdebug.org/dbgp/xdebug" command="breakpoint_set" transaction_id="7" id="180003" resolved="unresolved"></response>

[18] [Step Debug] <- breakpoint_set -i 8 -t line -f file:///var/www/html/6.containers/php/index.php -n 3
[18] [Step Debug] -> <response xmlns="urn:debugger_protocol_v1" xmlns:xdebug="https://xdebug.org/dbgp/xdebug" command="breakpoint_set" transaction_id="8" id="180004" resolved="unresolved"></response>

[18] [Step Debug] <- run -i 9
[18] [Step Debug] -> <response xmlns="urn:debugger_protocol_v1" xmlns:xdebug="https://xdebug.org/dbgp/xdebug" command="run" transaction_id="9" status="stopping" reason="ok"></response>

[18] [Step Debug] <- stop -i 10
[18] [Step Debug] -> <response xmlns="urn:debugger_protocol_v1" xmlns:xdebug="https://xdebug.org/dbgp/xdebug" command="stop" transaction_id="10" status="stopped" reason="ok"></response>

[18] Log closed at 2021-08-11 15:36:22.510781

[19] Log opened at 2021-08-11 15:36:29.683053
[19] [Step Debug] INFO: Connecting to configured address/port: host.docker.internal:9003.
[19] [Step Debug] INFO: Connected to debugging client: host.docker.internal:9003 (through xdebug.client_host/xdebug.client_port). :-)
[19] [Step Debug] -> <init xmlns="urn:debugger_protocol_v1" xmlns:xdebug="https://xdebug.org/dbgp/xdebug" fileuri="file:///var/www/html/index.php" language="PHP" xdebug:language_version="7.4.22" protocol_version="1.0" appid="19" idekey="VSCODE"><engine version="3.0.4"><![CDATA[Xdebug]]></engine><author><![CDATA[Derick Rethans]]></author><url><![CDATA[https://xdebug.org]]></url><copyright><![CDATA[Copyright (c) 2002-2021 by Derick Rethans]]></copyright></init>

[19] [Step Debug] <- feature_set -i 1 -n resolved_breakpoints -v 1
[19] [Step Debug] -> <response xmlns="urn:debugger_protocol_v1" xmlns:xdebug="https://xdebug.org/dbgp/xdebug" command="feature_set" transaction_id="1" feature="resolved_breakpoints" success="1"></response>

[19] [Step Debug] <- feature_set -i 2 -n notify_ok -v 1
[19] [Step Debug] -> <response xmlns="urn:debugger_protocol_v1" xmlns:xdebug="https://xdebug.org/dbgp/xdebug" command="feature_set" transaction_id="2" feature="notify_ok" success="1"></response>

[19] [Step Debug] <- feature_set -i 3 -n extended_properties -v 1
[19] [Step Debug] -> <response xmlns="urn:debugger_protocol_v1" xmlns:xdebug="https://xdebug.org/dbgp/xdebug" command="feature_set" transaction_id="3" feature="extended_properties" success="1"></response>

[19] [Step Debug] <- feature_set -i 4 -n max_children -v 10000
[19] [Step Debug] -> <response xmlns="urn:debugger_protocol_v1" xmlns:xdebug="https://xdebug.org/dbgp/xdebug" command="feature_set" transaction_id="4" feature="max_children" success="1"></response>

[19] [Step Debug] <- feature_set -i 5 -n max_data -v 10000
[19] [Step Debug] -> <response xmlns="urn:debugger_protocol_v1" xmlns:xdebug="https://xdebug.org/dbgp/xdebug" command="feature_set" transaction_id="5" feature="max_data" success="1"></response>

[19] [Step Debug] <- feature_set -i 6 -n show_hidden -v 1
[19] [Step Debug] -> <response xmlns="urn:debugger_protocol_v1" xmlns:xdebug="https://xdebug.org/dbgp/xdebug" command="feature_set" transaction_id="6" feature="show_hidden" success="1"></response>

[19] [Step Debug] <- breakpoint_set -i 7 -t line -f file:///var/www/html/6.containers/php/index.php -n 2
[19] [Step Debug] -> <response xmlns="urn:debugger_protocol_v1" xmlns:xdebug="https://xdebug.org/dbgp/xdebug" command="breakpoint_set" transaction_id="7" id="190001" resolved="unresolved"></response>

[19] [Step Debug] <- breakpoint_set -i 8 -t line -f file:///var/www/html/6.containers/php/index.php -n 3
[19] [Step Debug] -> <response xmlns="urn:debugger_protocol_v1" xmlns:xdebug="https://xdebug.org/dbgp/xdebug" command="breakpoint_set" transaction_id="8" id="190002" resolved="unresolved"></response>

[19] [Step Debug] <- run -i 9
[19] [Step Debug] -> <response xmlns="urn:debugger_protocol_v1" xmlns:xdebug="https://xdebug.org/dbgp/xdebug" command="run" transaction_id="9" status="stopping" reason="ok"></response>

[19] [Step Debug] <- stop -i 10
[19] [Step Debug] -> <response xmlns="urn:debugger_protocol_v1" xmlns:xdebug="https://xdebug.org/dbgp/xdebug" command="stop" transaction_id="10" status="stopped" reason="ok"></response>

[19] Log closed at 2021-08-11 15:36:29.733108

[21] Log opened at 2021-08-11 15:37:50.063577
[21] [Step Debug] INFO: Connecting to configured address/port: host.docker.internal:9003.
[21] [Step Debug] WARN: Creating socket for 'host.docker.internal:9003', poll success, but error: Operation now in progress (29).
[21] [Step Debug] ERR: Could not connect to debugging client. Tried: host.docker.internal:9003 (through xdebug.client_host/xdebug.client_port) :-(
[21] Log closed at 2021-08-11 15:37:50.078569

